{"total": {"lines":{"total":152,"covered":46,"skipped":0,"pct":30.26},"statements":{"total":161,"covered":47,"skipped":0,"pct":29.19},"functions":{"total":32,"covered":10,"skipped":0,"pct":31.25},"branches":{"total":42,"covered":4,"skipped":0,"pct":9.52},"branchesTrue":{"total":0,"covered":0,"skipped":0,"pct":100}}
,"/home/rubia/Área de Trabalho/To-Do-List/server/index.js": {"lines":{"total":10,"covered":0,"skipped":0,"pct":0},"functions":{"total":1,"covered":0,"skipped":0,"pct":0},"statements":{"total":10,"covered":0,"skipped":0,"pct":0},"branches":{"total":0,"covered":0,"skipped":0,"pct":100}}
,"/home/rubia/Área de Trabalho/To-Do-List/server/connection/conn.js": {"lines":{"total":13,"covered":11,"skipped":0,"pct":84.61},"functions":{"total":4,"covered":3,"skipped":0,"pct":75},"statements":{"total":14,"covered":12,"skipped":0,"pct":85.71},"branches":{"total":2,"covered":2,"skipped":0,"pct":100}}
,"/home/rubia/Área de Trabalho/To-Do-List/server/controllers/listTaskControllers.js": {"lines":{"total":26,"covered":0,"skipped":0,"pct":0},"functions":{"total":8,"covered":0,"skipped":0,"pct":0},"statements":{"total":26,"covered":0,"skipped":0,"pct":0},"branches":{"total":0,"covered":0,"skipped":0,"pct":100}}
,"/home/rubia/Área de Trabalho/To-Do-List/server/models/listTaskmodels.js": {"lines":{"total":37,"covered":35,"skipped":0,"pct":94.59},"functions":{"total":7,"covered":7,"skipped":0,"pct":100},"statements":{"total":37,"covered":35,"skipped":0,"pct":94.59},"branches":{"total":4,"covered":2,"skipped":0,"pct":50}}
,"/home/rubia/Área de Trabalho/To-Do-List/server/routes/listTask.js": {"lines":{"total":11,"covered":0,"skipped":0,"pct":0},"functions":{"total":0,"covered":0,"skipped":0,"pct":100},"statements":{"total":11,"covered":0,"skipped":0,"pct":0},"branches":{"total":0,"covered":0,"skipped":0,"pct":100}}
,"/home/rubia/Área de Trabalho/To-Do-List/server/services/listTaskService.js": {"lines":{"total":55,"covered":0,"skipped":0,"pct":0},"functions":{"total":12,"covered":0,"skipped":0,"pct":0},"statements":{"total":63,"covered":0,"skipped":0,"pct":0},"branches":{"total":36,"covered":0,"skipped":0,"pct":0}}
}
